<?xml version="1.0" encoding="UTF-8"?>
<testsuite xmlns:xsi="http://www.w3.org/2001/XMLSchema-instance" xsi:noNamespaceSchemaLocation="https://maven.apache.org/surefire/maven-surefire-plugin/xsd/surefire-test-report-3.0.xsd" version="3.0" name="com.reminder.lambda.ReminderHandlerTest" time="2.479" tests="1" errors="0" skipped="0" failures="0">
  <properties>
    <property name="java.specification.version" value="23"/>
    <property name="sun.cpu.isalist" value="amd64"/>
    <property name="sun.jnu.encoding" value="Cp1252"/>
    <property name="java.class.path" value="C:\Users\hollo\eclipse-workspace\ReminderLambda\target\test-classes;C:\Users\hollo\eclipse-workspace\ReminderLambda\target\classes;C:\Users\hollo\.m2\repository\com\amazonaws\aws-lambda-java-core\1.2.3\aws-lambda-java-core-1.2.3.jar;C:\Users\hollo\.m2\repository\com\amazonaws\aws-java-sdk-dynamodb\1.12.678\aws-java-sdk-dynamodb-1.12.678.jar;C:\Users\hollo\.m2\repository\com\amazonaws\aws-java-sdk-s3\1.12.678\aws-java-sdk-s3-1.12.678.jar;C:\Users\hollo\.m2\repository\com\amazonaws\aws-java-sdk-kms\1.12.678\aws-java-sdk-kms-1.12.678.jar;C:\Users\hollo\.m2\repository\com\amazonaws\aws-java-sdk-core\1.12.678\aws-java-sdk-core-1.12.678.jar;C:\Users\hollo\.m2\repository\commons-logging\commons-logging\1.1.3\commons-logging-1.1.3.jar;C:\Users\hollo\.m2\repository\commons-codec\commons-codec\1.15\commons-codec-1.15.jar;C:\Users\hollo\.m2\repository\org\apache\httpcomponents\httpclient\4.5.13\httpclient-4.5.13.jar;C:\Users\hollo\.m2\repository\org\apache\httpcomponents\httpcore\4.4.13\httpcore-4.4.13.jar;C:\Users\hollo\.m2\repository\com\fasterxml\jackson\core\jackson-databind\2.12.7.1\jackson-databind-2.12.7.1.jar;C:\Users\hollo\.m2\repository\com\fasterxml\jackson\core\jackson-annotations\2.12.7\jackson-annotations-2.12.7.jar;C:\Users\hollo\.m2\repository\com\fasterxml\jackson\core\jackson-core\2.12.7\jackson-core-2.12.7.jar;C:\Users\hollo\.m2\repository\com\fasterxml\jackson\dataformat\jackson-dataformat-cbor\2.12.6\jackson-dataformat-cbor-2.12.6.jar;C:\Users\hollo\.m2\repository\joda-time\joda-time\2.8.1\joda-time-2.8.1.jar;C:\Users\hollo\.m2\repository\com\amazonaws\jmespath-java\1.12.678\jmespath-java-1.12.678.jar;C:\Users\hollo\.m2\repository\com\amazonaws\aws-java-sdk-sns\1.12.678\aws-java-sdk-sns-1.12.678.jar;C:\Users\hollo\.m2\repository\com\amazonaws\aws-java-sdk-sqs\1.12.678\aws-java-sdk-sqs-1.12.678.jar;C:\Users\hollo\.m2\repository\junit\junit\4.13.2\junit-4.13.2.jar;C:\Users\hollo\.m2\repository\org\hamcrest\hamcrest-core\1.3\hamcrest-core-1.3.jar;C:\Users\hollo\.m2\repository\org\mockito\mockito-core\5.11.0\mockito-core-5.11.0.jar;C:\Users\hollo\.m2\repository\net\bytebuddy\byte-buddy\1.14.12\byte-buddy-1.14.12.jar;C:\Users\hollo\.m2\repository\net\bytebuddy\byte-buddy-agent\1.14.12\byte-buddy-agent-1.14.12.jar;C:\Users\hollo\.m2\repository\org\objenesis\objenesis\3.3\objenesis-3.3.jar;"/>
    <property name="java.vm.vendor" value="Eclipse Adoptium"/>
    <property name="sun.arch.data.model" value="64"/>
    <property name="user.variant" value=""/>
    <property name="java.vendor.url" value="https://adoptium.net/"/>
    <property name="user.timezone" value="America/New_York"/>
    <property name="os.name" value="Windows 11"/>
    <property name="java.vm.specification.version" value="23"/>
    <property name="sun.java.launcher" value="SUN_STANDARD"/>
    <property name="user.country" value="US"/>
    <property name="sun.boot.library.path" value="C:\Users\hollo\.p2\pool\plugins\org.eclipse.justj.openjdk.hotspot.jre.full.win32.x86_64_23.0.1.v20241024-1700\jre\bin"/>
    <property name="sun.java.command" value="C:\Users\hollo\AppData\Local\Temp\surefire16037283758364983095\surefirebooter-20250709183237420_3.jar C:\Users\hollo\AppData\Local\Temp\surefire16037283758364983095 2025-07-09T18-32-37_301-jvmRun1 surefire-20250709183237420_1tmp surefire_0-20250709183237420_2tmp"/>
    <property name="jdk.debug" value="release"/>
    <property name="surefire.test.class.path" value="C:\Users\hollo\eclipse-workspace\ReminderLambda\target\test-classes;C:\Users\hollo\eclipse-workspace\ReminderLambda\target\classes;C:\Users\hollo\.m2\repository\com\amazonaws\aws-lambda-java-core\1.2.3\aws-lambda-java-core-1.2.3.jar;C:\Users\hollo\.m2\repository\com\amazonaws\aws-java-sdk-dynamodb\1.12.678\aws-java-sdk-dynamodb-1.12.678.jar;C:\Users\hollo\.m2\repository\com\amazonaws\aws-java-sdk-s3\1.12.678\aws-java-sdk-s3-1.12.678.jar;C:\Users\hollo\.m2\repository\com\amazonaws\aws-java-sdk-kms\1.12.678\aws-java-sdk-kms-1.12.678.jar;C:\Users\hollo\.m2\repository\com\amazonaws\aws-java-sdk-core\1.12.678\aws-java-sdk-core-1.12.678.jar;C:\Users\hollo\.m2\repository\commons-logging\commons-logging\1.1.3\commons-logging-1.1.3.jar;C:\Users\hollo\.m2\repository\commons-codec\commons-codec\1.15\commons-codec-1.15.jar;C:\Users\hollo\.m2\repository\org\apache\httpcomponents\httpclient\4.5.13\httpclient-4.5.13.jar;C:\Users\hollo\.m2\repository\org\apache\httpcomponents\httpcore\4.4.13\httpcore-4.4.13.jar;C:\Users\hollo\.m2\repository\com\fasterxml\jackson\core\jackson-databind\2.12.7.1\jackson-databind-2.12.7.1.jar;C:\Users\hollo\.m2\repository\com\fasterxml\jackson\core\jackson-annotations\2.12.7\jackson-annotations-2.12.7.jar;C:\Users\hollo\.m2\repository\com\fasterxml\jackson\core\jackson-core\2.12.7\jackson-core-2.12.7.jar;C:\Users\hollo\.m2\repository\com\fasterxml\jackson\dataformat\jackson-dataformat-cbor\2.12.6\jackson-dataformat-cbor-2.12.6.jar;C:\Users\hollo\.m2\repository\joda-time\joda-time\2.8.1\joda-time-2.8.1.jar;C:\Users\hollo\.m2\repository\com\amazonaws\jmespath-java\1.12.678\jmespath-java-1.12.678.jar;C:\Users\hollo\.m2\repository\com\amazonaws\aws-java-sdk-sns\1.12.678\aws-java-sdk-sns-1.12.678.jar;C:\Users\hollo\.m2\repository\com\amazonaws\aws-java-sdk-sqs\1.12.678\aws-java-sdk-sqs-1.12.678.jar;C:\Users\hollo\.m2\repository\junit\junit\4.13.2\junit-4.13.2.jar;C:\Users\hollo\.m2\repository\org\hamcrest\hamcrest-core\1.3\hamcrest-core-1.3.jar;C:\Users\hollo\.m2\repository\org\mockito\mockito-core\5.11.0\mockito-core-5.11.0.jar;C:\Users\hollo\.m2\repository\net\bytebuddy\byte-buddy\1.14.12\byte-buddy-1.14.12.jar;C:\Users\hollo\.m2\repository\net\bytebuddy\byte-buddy-agent\1.14.12\byte-buddy-agent-1.14.12.jar;C:\Users\hollo\.m2\repository\org\objenesis\objenesis\3.3\objenesis-3.3.jar;"/>
    <property name="sun.cpu.endian" value="little"/>
    <property name="user.home" value="C:\Users\hollo"/>
    <property name="user.language" value="en"/>
    <property name="java.specification.vendor" value="Oracle Corporation"/>
    <property name="java.version.date" value="2024-10-15"/>
    <property name="java.home" value="C:\Users\hollo\.p2\pool\plugins\org.eclipse.justj.openjdk.hotspot.jre.full.win32.x86_64_23.0.1.v20241024-1700\jre"/>
    <property name="file.separator" value="\"/>
    <property name="basedir" value="C:\Users\hollo\eclipse-workspace\ReminderLambda"/>
    <property name="java.vm.compressedOopsMode" value="Zero based"/>
    <property name="line.separator" value="&#10;"/>
    <property name="java.vm.specification.vendor" value="Oracle Corporation"/>
    <property name="java.specification.name" value="Java Platform API Specification"/>
    <property name="surefire.real.class.path" value="C:\Users\hollo\AppData\Local\Temp\surefire16037283758364983095\surefirebooter-20250709183237420_3.jar"/>
    <property name="user.script" value=""/>
    <property name="sun.management.compiler" value="HotSpot 64-Bit Tiered Compilers"/>
    <property name="java.runtime.version" value="23.0.1+11"/>
    <property name="user.name" value="hollo"/>
    <property name="stdout.encoding" value="Cp1252"/>
    <property name="path.separator" value=";"/>
    <property name="os.version" value="10.0"/>
    <property name="java.runtime.name" value="OpenJDK Runtime Environment"/>
    <property name="file.encoding" value="UTF-8"/>
    <property name="java.vm.name" value="OpenJDK 64-Bit Server VM"/>
    <property name="java.vendor.version" value="Temurin-23.0.1+11"/>
    <property name="localRepository" value="C:\Users\hollo\.m2\repository"/>
    <property name="java.vendor.url.bug" value="https://github.com/adoptium/adoptium-support/issues"/>
    <property name="java.io.tmpdir" value="C:\Users\hollo\AppData\Local\Temp\"/>
    <property name="java.version" value="23.0.1"/>
    <property name="user.dir" value="C:\Users\hollo\eclipse-workspace\ReminderLambda"/>
    <property name="os.arch" value="amd64"/>
    <property name="java.vm.specification.name" value="Java Virtual Machine Specification"/>
    <property name="sun.os.patch.level" value=""/>
    <property name="native.encoding" value="Cp1252"/>
    <property name="java.library.path" value="C:\Users\hollo\.p2\pool\plugins\org.eclipse.justj.openjdk.hotspot.jre.full.win32.x86_64_23.0.1.v20241024-1700\jre\bin;C:\WINDOWS\Sun\Java\bin;C:\WINDOWS\system32;C:\WINDOWS;C:/Users/hollo/.p2/pool/plugins/org.eclipse.justj.openjdk.hotspot.jre.full.win32.x86_64_23.0.1.v20241024-1700/jre/bin/server;C:/Users/hollo/.p2/pool/plugins/org.eclipse.justj.openjdk.hotspot.jre.full.win32.x86_64_23.0.1.v20241024-1700/jre/bin;C:\Users\hollo\AppData\Local\Programs\Python\Python313\Scripts\;C:\Users\hollo\AppData\Local\Programs\Python\Python313\;C:\Program Files\Common Files\Oracle\Java\javapath;C:\Program Files (x86)\Common Files\Oracle\Java\java8path;C:\Program Files (x86)\Common Files\Oracle\Java\javapath;C:\WINDOWS\system32;C:\WINDOWS;C:\WINDOWS\System32\Wbem;C:\WINDOWS\System32\WindowsPowerShell\v1.0\;C:\WINDOWS\System32\OpenSSH\;C:\Program Files\Git\cmd;C:\Program Files\MATLAB\R2024a\bin;;C:\Program Files\HP\HP One Agent;C:\Program Files\nodejs\;C:\ProgramData\chocolatey\bin;C:\WINDOWS\system32;C:\WINDOWS;C:\WINDOWS\System32\Wbem;C:\WINDOWS\System32\WindowsPowerShell\v1.0\;C:\WINDOWS\System32\OpenSSH\;C:\Program Files\Amazon\AWSCLIV2\;C:\Users\hollo\AppData\Local\Programs\Python\Launcher\;C:\Users\hollo\AppData\Local\Microsoft\WindowsApps;C:\Users\hollo\AppData\Local\Programs\Microsoft VS Code\bin;C:\Users\hollo\AppData\Local\GitHubDesktop\bin;C:\ProgramData\hollo\GitHubDesktop\bin;C:\Users\hollo\AppData\Roaming\npm;C:\Users\hollo\Downloads\apache-maven-3.9.9-bin\apache-maven-3.9.9\bin;;C:\WINDOWS\system32;;."/>
    <property name="java.vm.info" value="mixed mode, sharing"/>
    <property name="stderr.encoding" value="Cp1252"/>
    <property name="java.vendor" value="Eclipse Adoptium"/>
    <property name="java.vm.version" value="23.0.1+11"/>
    <property name="sun.io.unicode.encoding" value="UnicodeLittle"/>
    <property name="java.class.version" value="67.0"/>
  </properties>
  <testcase name="testHandleRequestReturnsNotNull" classname="com.reminder.lambda.ReminderHandlerTest" time="2.426">
    <system-err><![CDATA[WARNING: A Java agent has been loaded dynamically (C:\Users\hollo\.m2\repository\net\bytebuddy\byte-buddy-agent\1.14.12\byte-buddy-agent-1.14.12.jar)
WARNING: If a serviceability tool is in use, please run with -XX:+EnableDynamicAgentLoading to hide this warning
WARNING: If a serviceability tool is not in use, please run with -Djdk.instrument.traceUsage for more information
WARNING: Dynamic loading of agents will be disallowed by default in a future release
]]></system-err>
  </testcase>
</testsuite>